<?xml version="1.0" encoding="UTF-8"?>
<!-- Generated by org.testng.reporters.JUnitReportReporter -->
<testsuite hostname="FIDEL-PC" failures="0" tests="1" name="demo.TestNGParameterdDemo" time="0.033" errors="0" timestamp="2024-10-04T16:57:55 WAT" skipped="0">
  <testcase classname="demo.TestNGParameterdDemo" name="test" time="0.033"/>
</testsuite> <!-- demo.TestNGParameterdDemo -->
