<?xml version="1.0" encoding="UTF-8"?>
<!-- Generated by org.testng.reporters.JUnitReportReporter -->
<testsuite hostname="FIDEL-PC" failures="0" tests="1" name="test.TestNG_Demo" time="20.751" errors="0" timestamp="2024-08-10T13:52:28 WAT" skipped="0">
  <testcase classname="test.TestNG_Demo" name="googleSearch" time="20.751"/>
</testsuite> <!-- test.TestNG_Demo -->
