<?xml version="1.0" encoding="UTF-8"?>
<!-- Generated by org.testng.reporters.JUnitReportReporter -->
<testsuite hostname="FIDEL-PC" failures="0" tests="1" name="test.TestNG_Demo2" time="20.752" errors="0" timestamp="2024-08-10T13:52:27 WAT" skipped="0">
  <testcase classname="test.TestNG_Demo2" name="googleSearch2" time="20.752"/>
</testsuite> <!-- test.TestNG_Demo2 -->
