<?xml version="1.0" encoding="UTF-8"?>
<!-- Generated by org.testng.reporters.JUnitReportReporter -->
<testsuite hostname="FIDEL-PC" failures="0" tests="2" name="test.ExtentReportsDemoWithTestNG" time="10.360" errors="0" timestamp="2024-08-07T22:52:05 WAT" skipped="0">
  <testcase classname="test.ExtentReportsDemoWithTestNG" name="test1" time="10.340"/>
  <testcase classname="test.ExtentReportsDemoWithTestNG" name="test2" time="0.020"/>
</testsuite> <!-- test.ExtentReportsDemoWithTestNG -->
