<?xml version="1.0" encoding="UTF-8"?>
<!-- Generated by org.testng.reporters.JUnitReportReporter -->
<testsuite hostname="FIDEL-PC" failures="0" tests="3" name="demo.TestNGPriorityDemo" time="0.052" errors="0" timestamp="2024-09-19T13:15:25 WAT" skipped="0">
  <testcase classname="demo.TestNGPriorityDemo" name="one" time="0.044"/>
  <testcase classname="demo.TestNGPriorityDemo" name="two" time="0.004"/>
  <testcase classname="demo.TestNGPriorityDemo" name="three" time="0.004"/>
</testsuite> <!-- demo.TestNGPriorityDemo -->
