<?xml version="1.0" encoding="UTF-8"?>
<!-- Generated by org.testng.reporters.JUnitReportReporter -->
<testsuite hostname="FIDEL-PC" failures="0" tests="3" name="demo.TestNGDependencyDemo" time="0.058" errors="0" timestamp="2024-10-07T09:13:36 WAT" skipped="0">
  <testcase classname="demo.TestNGDependencyDemo" name="test2" time="0.036"/>
  <testcase classname="demo.TestNGDependencyDemo" name="test3" time="0.015"/>
  <testcase classname="demo.TestNGDependencyDemo" name="test1" time="0.007"/>
</testsuite> <!-- demo.TestNGDependencyDemo -->
