<?xml version="1.0" encoding="UTF-8"?>
<!-- Generated by org.testng.reporters.JUnitReportReporter -->
<testsuite hostname="FIDEL-PC" failures="0" tests="4" name="demo.TestNGroupsDemo" time="0.068" errors="0" timestamp="2024-10-04T22:58:24 WAT" skipped="0">
  <testcase classname="demo.TestNGroupsDemo" name="test1" time="0.038"/>
  <testcase classname="demo.TestNGroupsDemo" name="test4" time="0.009"/>
  <testcase classname="demo.TestNGroupsDemo" name="test2" time="0.005"/>
  <testcase classname="demo.TestNGroupsDemo" name="test3" time="0.016"/>
</testsuite> <!-- demo.TestNGroupsDemo -->
