<?xml version="1.0" encoding="UTF-8"?>
<!-- Generated by org.testng.reporters.JUnitReportReporter -->
<testsuite hostname="FIDEL-PC" failures="0" tests="1" name="demo.Test1" time="12.939" errors="0" timestamp="2024-10-08T16:45:23 WAT" skipped="0">
  <testcase classname="demo.Test1" name="test1" time="12.939"/>
</testsuite> <!-- demo.Test1 -->
