<?xml version="1.0" encoding="UTF-8"?>
<!-- Generated by org.testng.reporters.JUnitReportReporter -->
<testsuite hostname="FIDEL-PC" failures="0" tests="2" name="demo.TestNGIgnoreDemo" time="0.055" errors="0" timestamp="2024-10-07T10:44:05 WAT" skipped="1">
  <testcase classname="demo.TestNGIgnoreDemo" name="test2" time="0.055"/>
  <testcase classname="demo.TestNGIgnoreDemo" name="test1">
    <skipped/>
  </testcase> <!-- test1 -->
</testsuite> <!-- demo.TestNGIgnoreDemo -->
